<?xml version="1.0" encoding="UTF-8"?>
<testsuite name="mancala.AyoRulesTest" tests="11" skipped="0" failures="0" errors="0" timestamp="2025-11-11T17:15:12" hostname="Wesleys-MacBook-Pro-2.local" time="0.028">
  <properties/>
  <testcase name="testCaptureStonesNonEmptyTarget()" classname="mancala.AyoRulesTest" time="0.009"/>
  <testcase name="testMoveStonesOneMove()" classname="mancala.AyoRulesTest" time="0.001"/>
  <testcase name="testDistributeStonesSingleMove()" classname="mancala.AyoRulesTest" time="0.006"/>
  <testcase name="testDistributeStones_WithInvalidStartPit()" classname="mancala.AyoRulesTest" time="0.001"/>
  <testcase name="testCaptureStones_WithPlayerOne_OnPlayerOneSide()" classname="mancala.AyoRulesTest" time="0.001"/>
  <testcase name="testCaptureStones_WithPlayerTwo_OnPlayerOneSide()" classname="mancala.AyoRulesTest" time="0.001"/>
  <testcase name="testCaptureStones_WithPlayerOne_OnPlayerTwoSide()" classname="mancala.AyoRulesTest" time="0.001"/>
  <testcase name="testCaptureStones_WithPlayerTwo_OnPlayerTwoSide()" classname="mancala.AyoRulesTest" time="0.001"/>
  <testcase name="testMoveStones_WithRepetition()" classname="mancala.AyoRulesTest" time="0.001"/>
  <testcase name="testCaptureStones_WithInvalidStoppingPoint()" classname="mancala.AyoRulesTest" time="0.0"/>
  <testcase name="testMoveStonesMultiMove()" classname="mancala.AyoRulesTest" time="0.0"/>
  <system-out><![CDATA[]]></system-out>
  <system-err><![CDATA[]]></system-err>
</testsuite>
