<?xml version="1.0" encoding="UTF-8"?>
<testsuite name="mancala.PlayerTest" tests="16" skipped="0" failures="0" errors="0" timestamp="2025-11-11T17:15:12" hostname="Wesleys-MacBook-Pro-2.local" time="0.006">
  <properties/>
  <testcase name="testGetStore()" classname="mancala.PlayerTest" time="0.0"/>
  <testcase name="testGetNameFromSetNameWithVeryLongName()" classname="mancala.PlayerTest" time="0.001"/>
  <testcase name="testGetStoreAfterSettingStoreToNull()" classname="mancala.PlayerTest" time="0.0"/>
  <testcase name="testGetStoreCountWithStonesAddedViaPlayerReference()" classname="mancala.PlayerTest" time="0.0"/>
  <testcase name="testGameNameWithVeryLongNameFromNameConstructor()" classname="mancala.PlayerTest" time="0.0"/>
  <testcase name="testGetName()" classname="mancala.PlayerTest" time="0.0"/>
  <testcase name="testGetNameFromSetNameWithNullString()" classname="mancala.PlayerTest" time="0.001"/>
  <testcase name="testGetStoreCountWithNewStore()" classname="mancala.PlayerTest" time="0.0"/>
  <testcase name="testGetNameFromSetNameWithEmptyString()" classname="mancala.PlayerTest" time="0.0"/>
  <testcase name="testGetStoreCountWithStonesAddedFromStoreReference()" classname="mancala.PlayerTest" time="0.0"/>
  <testcase name="testGetStoreWithAStoreInitialized()" classname="mancala.PlayerTest" time="0.0"/>
  <testcase name="testGetNameWithNormalLengthedNameFromNameConstructor()" classname="mancala.PlayerTest" time="0.0"/>
  <testcase name="testGetNameWithEmptyNameFromNameConstructor()" classname="mancala.PlayerTest" time="0.0"/>
  <testcase name="testSetName()" classname="mancala.PlayerTest" time="0.0"/>
  <testcase name="testGetNameFromSetNameWithNormalLengthedName()" classname="mancala.PlayerTest" time="0.0"/>
  <testcase name="testSetStore()" classname="mancala.PlayerTest" time="0.0"/>
  <system-out><![CDATA[]]></system-out>
  <system-err><![CDATA[]]></system-err>
</testsuite>
